<?xml version="1.0" encoding="UTF-8"?>
<!-- Generated by org.testng.reporters.JUnitReportReporter -->
<testsuite hostname="DESKTOP-RVSID1U" failures="0" tests="3" name="assignment.pom.registerdemo.RegistereDemoTestNG" time="16.288" errors="0" timestamp="2022-08-01T17:28:21 IST" skipped="0">
  <testcase classname="assignment.pom.registerdemo.RegistereDemoTestNG" name="launchApplication" time="7.517"/>
  <system-out/>
  <testcase classname="assignment.pom.registerdemo.RegistereDemoTestNG" name="navigate" time="2.359"/>
  <system-out/>
  <testcase classname="assignment.pom.registerdemo.RegistereDemoTestNG" name="registration" time="6.412"/>
  <system-out/>
</testsuite> <!-- assignment.pom.registerdemo.RegistereDemoTestNG -->
